---------- Date: 2013-12-30 15:18:06 ~ IP : 83.21.203.148 ----------
REQUEST URI : /nowy/admin/index.php?route=catalog/product/update&amp;token=13a19a7582413096aeb972dcb0476017&amp;product_id=1
MOD DETAILS:
   modFile   : /home/demostrona/domains/demo.stronazen.pl/public_html/nowy/vqmod/xml/Auto-SEO-keywords-URL.xml
   id        : Auto SEO Keywords
   version   : 1
   vqmver    : 
   author    : Creative Ground
SEARCH NOT FOUND (ABORTING MOD): name="keyword"

----------------------------------------------------------------------


---------- Date: 2013-12-30 15:33:19 ~ IP : 83.21.203.148 ----------
REQUEST URI : /nowy/admin/index.php?route=catalog/product/update&amp;token=13a19a7582413096aeb972dcb0476017&amp;product_id=4
MOD DETAILS:
   modFile   : /home/demostrona/domains/demo.stronazen.pl/public_html/nowy/vqmod/xml/Auto-SEO-keywords-URL.xml
   id        : Auto SEO Keywords
   version   : 1
   vqmver    : 
   author    : Creative Ground
SEARCH NOT FOUND (ABORTING MOD): name="keyword"

----------------------------------------------------------------------


