---------- Date: 2013-12-17 12:49:26 ~ IP : 83.8.143.228 ----------
REQUEST URI : /nowy/admin/index.php?route=catalog/category/update&amp;token=81350ca591671d91834f49e9ae9641e1&amp;category_id=1494
MOD DETAILS:
   modFile   : /home/demostrona/domains/demo.stronazen.pl/public_html/nowy/vqmod/xml/Auto-SEO-keywords-URL.xml
   id        : Auto SEO Keywords
   version   : 1
   vqmver    : 
   author    : Creative Ground
SEARCH NOT FOUND (ABORTING MOD): name="keyword"

----------------------------------------------------------------------


---------- Date: 2013-12-17 12:49:53 ~ IP : 83.8.143.228 ----------
REQUEST URI : /nowy/admin/index.php?route=catalog/category/update&amp;token=81350ca591671d91834f49e9ae9641e1&amp;category_id=1495
MOD DETAILS:
   modFile   : /home/demostrona/domains/demo.stronazen.pl/public_html/nowy/vqmod/xml/Auto-SEO-keywords-URL.xml
   id        : Auto SEO Keywords
   version   : 1
   vqmver    : 
   author    : Creative Ground
SEARCH NOT FOUND (ABORTING MOD): name="keyword"

----------------------------------------------------------------------


---------- Date: 2013-12-17 12:50:23 ~ IP : 83.8.143.228 ----------
REQUEST URI : /nowy/admin/index.php?route=catalog/category/update&amp;token=81350ca591671d91834f49e9ae9641e1&amp;category_id=1495
MOD DETAILS:
   modFile   : /home/demostrona/domains/demo.stronazen.pl/public_html/nowy/vqmod/xml/Auto-SEO-keywords-URL.xml
   id        : Auto SEO Keywords
   version   : 1
   vqmver    : 
   author    : Creative Ground
SEARCH NOT FOUND (ABORTING MOD): name="keyword"

----------------------------------------------------------------------


---------- Date: 2013-12-17 12:51:34 ~ IP : 83.8.143.228 ----------
REQUEST URI : /nowy/admin/index.php?route=catalog/category/insert&amp;token=81350ca591671d91834f49e9ae9641e1
MOD DETAILS:
   modFile   : /home/demostrona/domains/demo.stronazen.pl/public_html/nowy/vqmod/xml/Auto-SEO-keywords-URL.xml
   id        : Auto SEO Keywords
   version   : 1
   vqmver    : 
   author    : Creative Ground
SEARCH NOT FOUND (ABORTING MOD): name="keyword"

----------------------------------------------------------------------


---------- Date: 2013-12-17 12:52:12 ~ IP : 83.8.143.228 ----------
REQUEST URI : /nowy/admin/index.php?route=catalog/category/insert&amp;token=81350ca591671d91834f49e9ae9641e1
MOD DETAILS:
   modFile   : /home/demostrona/domains/demo.stronazen.pl/public_html/nowy/vqmod/xml/Auto-SEO-keywords-URL.xml
   id        : Auto SEO Keywords
   version   : 1
   vqmver    : 
   author    : Creative Ground
SEARCH NOT FOUND (ABORTING MOD): name="keyword"

----------------------------------------------------------------------


---------- Date: 2013-12-17 13:04:50 ~ IP : 83.8.110.70 ----------
REQUEST URI : /nowy/admin/index.php?route=catalog/category/update&amp;token=81350ca591671d91834f49e9ae9641e1&amp;category_id=1495
MOD DETAILS:
   modFile   : /home/demostrona/domains/demo.stronazen.pl/public_html/nowy/vqmod/xml/Auto-SEO-keywords-URL.xml
   id        : Auto SEO Keywords
   version   : 1
   vqmver    : 
   author    : Creative Ground
SEARCH NOT FOUND (ABORTING MOD): name="keyword"

----------------------------------------------------------------------


---------- Date: 2013-12-17 13:05:06 ~ IP : 83.8.110.70 ----------
REQUEST URI : /nowy/admin/index.php?route=catalog/category/update&amp;token=81350ca591671d91834f49e9ae9641e1&amp;category_id=1494
MOD DETAILS:
   modFile   : /home/demostrona/domains/demo.stronazen.pl/public_html/nowy/vqmod/xml/Auto-SEO-keywords-URL.xml
   id        : Auto SEO Keywords
   version   : 1
   vqmver    : 
   author    : Creative Ground
SEARCH NOT FOUND (ABORTING MOD): name="keyword"

----------------------------------------------------------------------


---------- Date: 2013-12-17 13:05:40 ~ IP : 83.8.110.70 ----------
REQUEST URI : /nowy/admin/index.php?route=catalog/category/update&amp;token=81350ca591671d91834f49e9ae9641e1&amp;category_id=1495
MOD DETAILS:
   modFile   : /home/demostrona/domains/demo.stronazen.pl/public_html/nowy/vqmod/xml/Auto-SEO-keywords-URL.xml
   id        : Auto SEO Keywords
   version   : 1
   vqmver    : 
   author    : Creative Ground
SEARCH NOT FOUND (ABORTING MOD): name="keyword"

----------------------------------------------------------------------


