---------- Date: 2013-12-11 13:04:45 ~ IP : 83.21.213.130 ----------
REQUEST URI : /nowy/admin/index.php?route=catalog/product/update&amp;token=770982769e4be988619c3d984ff9931c&amp;product_id=1
MOD DETAILS:
   modFile   : /home/demostrona/domains/demo.stronazen.pl/public_html/nowy/vqmod/xml/Auto-SEO-keywords-URL.xml
   id        : Auto SEO Keywords
   version   : 1
   vqmver    : 
   author    : Creative Ground
SEARCH NOT FOUND (ABORTING MOD): name="keyword"

----------------------------------------------------------------------


---------- Date: 2013-12-11 13:07:43 ~ IP : 83.21.213.130 ----------
REQUEST URI : /nowy/admin/index.php?route=catalog/product/update&amp;token=770982769e4be988619c3d984ff9931c&amp;product_id=1
MOD DETAILS:
   modFile   : /home/demostrona/domains/demo.stronazen.pl/public_html/nowy/vqmod/xml/Auto-SEO-keywords-URL.xml
   id        : Auto SEO Keywords
   version   : 1
   vqmver    : 
   author    : Creative Ground
SEARCH NOT FOUND (ABORTING MOD): name="keyword"

----------------------------------------------------------------------


---------- Date: 2013-12-11 13:08:04 ~ IP : 83.21.213.130 ----------
REQUEST URI : /nowy/admin/index.php?route=catalog/product/update&amp;token=770982769e4be988619c3d984ff9931c&amp;product_id=2
MOD DETAILS:
   modFile   : /home/demostrona/domains/demo.stronazen.pl/public_html/nowy/vqmod/xml/Auto-SEO-keywords-URL.xml
   id        : Auto SEO Keywords
   version   : 1
   vqmver    : 
   author    : Creative Ground
SEARCH NOT FOUND (ABORTING MOD): name="keyword"

----------------------------------------------------------------------


---------- Date: 2013-12-11 13:54:46 ~ IP : 83.21.213.130 ----------
REQUEST URI : /nowy/admin/index.php?route=catalog/product/update&amp;token=770982769e4be988619c3d984ff9931c&amp;product_id=1
MOD DETAILS:
   modFile   : /home/demostrona/domains/demo.stronazen.pl/public_html/nowy/vqmod/xml/Auto-SEO-keywords-URL.xml
   id        : Auto SEO Keywords
   version   : 1
   vqmver    : 
   author    : Creative Ground
SEARCH NOT FOUND (ABORTING MOD): name="keyword"

----------------------------------------------------------------------


---------- Date: 2013-12-11 13:54:58 ~ IP : 83.21.213.130 ----------
REQUEST URI : /nowy/admin/index.php?route=catalog/product/update&amp;token=770982769e4be988619c3d984ff9931c&amp;product_id=2
MOD DETAILS:
   modFile   : /home/demostrona/domains/demo.stronazen.pl/public_html/nowy/vqmod/xml/Auto-SEO-keywords-URL.xml
   id        : Auto SEO Keywords
   version   : 1
   vqmver    : 
   author    : Creative Ground
SEARCH NOT FOUND (ABORTING MOD): name="keyword"

----------------------------------------------------------------------


---------- Date: 2013-12-11 15:26:43 ~ IP : 83.21.213.130 ----------
REQUEST URI : /nowy/admin/index.php?route=catalog/product/update&amp;token=770982769e4be988619c3d984ff9931c&amp;product_id=1
MOD DETAILS:
   modFile   : /home/demostrona/domains/demo.stronazen.pl/public_html/nowy/vqmod/xml/Auto-SEO-keywords-URL.xml
   id        : Auto SEO Keywords
   version   : 1
   vqmver    : 
   author    : Creative Ground
SEARCH NOT FOUND (ABORTING MOD): name="keyword"

----------------------------------------------------------------------


---------- Date: 2013-12-11 15:28:51 ~ IP : 83.21.213.130 ----------
REQUEST URI : /nowy/admin/index.php?route=catalog/product/update&amp;token=770982769e4be988619c3d984ff9931c&amp;product_id=1
MOD DETAILS:
   modFile   : /home/demostrona/domains/demo.stronazen.pl/public_html/nowy/vqmod/xml/Auto-SEO-keywords-URL.xml
   id        : Auto SEO Keywords
   version   : 1
   vqmver    : 
   author    : Creative Ground
SEARCH NOT FOUND (ABORTING MOD): name="keyword"

----------------------------------------------------------------------


---------- Date: 2013-12-11 15:29:00 ~ IP : 83.21.213.130 ----------
REQUEST URI : /nowy/admin/index.php?route=catalog/product/update&amp;token=770982769e4be988619c3d984ff9931c&amp;product_id=2
MOD DETAILS:
   modFile   : /home/demostrona/domains/demo.stronazen.pl/public_html/nowy/vqmod/xml/Auto-SEO-keywords-URL.xml
   id        : Auto SEO Keywords
   version   : 1
   vqmver    : 
   author    : Creative Ground
SEARCH NOT FOUND (ABORTING MOD): name="keyword"

----------------------------------------------------------------------


---------- Date: 2013-12-11 15:30:44 ~ IP : 83.21.213.130 ----------
REQUEST URI : /nowy/admin/index.php?route=catalog/product/update&amp;token=770982769e4be988619c3d984ff9931c&amp;product_id=1
MOD DETAILS:
   modFile   : /home/demostrona/domains/demo.stronazen.pl/public_html/nowy/vqmod/xml/Auto-SEO-keywords-URL.xml
   id        : Auto SEO Keywords
   version   : 1
   vqmver    : 
   author    : Creative Ground
SEARCH NOT FOUND (ABORTING MOD): name="keyword"

----------------------------------------------------------------------


---------- Date: 2013-12-11 15:30:49 ~ IP : 83.21.213.130 ----------
REQUEST URI : /nowy/admin/index.php?route=catalog/product/update&amp;token=770982769e4be988619c3d984ff9931c&amp;product_id=3
MOD DETAILS:
   modFile   : /home/demostrona/domains/demo.stronazen.pl/public_html/nowy/vqmod/xml/Auto-SEO-keywords-URL.xml
   id        : Auto SEO Keywords
   version   : 1
   vqmver    : 
   author    : Creative Ground
SEARCH NOT FOUND (ABORTING MOD): name="keyword"

----------------------------------------------------------------------


---------- Date: 2013-12-11 15:32:08 ~ IP : 83.21.213.130 ----------
REQUEST URI : /nowy/admin/index.php?route=catalog/product/update&amp;token=770982769e4be988619c3d984ff9931c&amp;product_id=1
MOD DETAILS:
   modFile   : /home/demostrona/domains/demo.stronazen.pl/public_html/nowy/vqmod/xml/Auto-SEO-keywords-URL.xml
   id        : Auto SEO Keywords
   version   : 1
   vqmver    : 
   author    : Creative Ground
SEARCH NOT FOUND (ABORTING MOD): name="keyword"

----------------------------------------------------------------------


---------- Date: 2013-12-11 15:36:26 ~ IP : 83.21.213.130 ----------
REQUEST URI : /nowy/admin/index.php?route=catalog/product/update&amp;token=770982769e4be988619c3d984ff9931c&amp;product_id=7
MOD DETAILS:
   modFile   : /home/demostrona/domains/demo.stronazen.pl/public_html/nowy/vqmod/xml/Auto-SEO-keywords-URL.xml
   id        : Auto SEO Keywords
   version   : 1
   vqmver    : 
   author    : Creative Ground
SEARCH NOT FOUND (ABORTING MOD): name="keyword"

----------------------------------------------------------------------


---------- Date: 2013-12-11 15:38:36 ~ IP : 83.21.213.130 ----------
REQUEST URI : /nowy/admin/index.php?route=catalog/product/update&amp;token=770982769e4be988619c3d984ff9931c&amp;product_id=1
MOD DETAILS:
   modFile   : /home/demostrona/domains/demo.stronazen.pl/public_html/nowy/vqmod/xml/Auto-SEO-keywords-URL.xml
   id        : Auto SEO Keywords
   version   : 1
   vqmver    : 
   author    : Creative Ground
SEARCH NOT FOUND (ABORTING MOD): name="keyword"

----------------------------------------------------------------------


